0 info it worked if it ends with ok
1 verbose cli [ '/home/michael/bin/node', '/home/michael/bin/npm', 'publish' ]
2 info using npm@2.7.4
3 info using node@v0.12.2
4 verbose node symlink /home/michael/bin/node
5 verbose publish [ '.' ]
6 silly cache add args [ '.', null ]
7 verbose cache add spec .
8 silly cache add parsed spec { raw: '.',
8 silly cache add   scope: null,
8 silly cache add   name: null,
8 silly cache add   rawSpec: '.',
8 silly cache add   spec: '/home/michael/Projects/mongoose-paging',
8 silly cache add   type: 'directory' }
9 verbose addLocalDirectory /home/michael/.npm/mongoose-paging/1.0.4/package.tgz not in flight; packing
10 verbose tar pack [ '/home/michael/.npm/mongoose-paging/1.0.4/package.tgz',
10 verbose tar pack   '/home/michael/Projects/mongoose-paging' ]
11 verbose tarball /home/michael/.npm/mongoose-paging/1.0.4/package.tgz
12 verbose folder /home/michael/Projects/mongoose-paging
13 info prepublish mongoose-paging@1.0.4
14 verbose addLocalTarball adding from inside cache /home/michael/.npm/mongoose-paging/1.0.4/package.tgz
15 silly cache afterAdd mongoose-paging@1.0.4
16 verbose afterAdd /home/michael/.npm/mongoose-paging/1.0.4/package/package.json not in flight; writing
17 verbose afterAdd /home/michael/.npm/mongoose-paging/1.0.4/package/package.json written
18 silly publish { name: 'mongoose-paging',
18 silly publish   version: '1.0.4',
18 silly publish   description: 'Fast paging plugin for mongoose',
18 silly publish   main: 'index.js',
18 silly publish   scripts: { test: 'echo "Error: no test specified" && exit 1' },
18 silly publish   repository: { type: 'git', url: 'git@github.com:mz3/mongoose-paging.git' },
18 silly publish   keywords: [ 'mongoose', 'page', 'paging' ],
18 silly publish   author: { name: 'Michael Zandstra', email: 'm+github@emzy.cc' },
18 silly publish   license: 'ISC',
18 silly publish   bugs: { url: 'https://github.com/mz3/mongoose-paging/issues' },
18 silly publish   homepage: 'https://github.com/mz3/mongoose-paging',
18 silly publish   readme: '# mongoose-paging\n\nMongoose plugin that allows you to loop through a query by a specified number of documents\n\n```javascript\n\n// myModel.js\n\nMySchema.plugin(require(\'mongoose-paging\'));\n\n\n// usage\n\nMyModel.findPaged(query, fields, options, iterator, callback);\n\n\n// example\n\nMyModel.findPaged(\n  // mongoose query object, leave blank for all\n  {source: \'email\'},\n  // fields to return, leave blank for all\n  [\'subject\', \'message\'],\n  // number of results per page\n  {step: 100},\n  // iterator to call on each set of results\n  function(results) {\n    console.log(results);\n    // this is called repeatedly while until there are no more results.\n    // results is an array of maximum length 100 containing the\n    // results of your query\n  },\n  // function to call when finished looping\n  function(err) {\n    throw err;\n    // this is called once there are no more results (err is null),\n    // or if there is an error (then err is set)\n  }\n);\n```\n',
18 silly publish   readmeFilename: 'README.md',
18 silly publish   gitHead: '403b7172d201001fd2d79181a3bfd86b43dcb038',
18 silly publish   _id: 'mongoose-paging@1.0.4',
18 silly publish   _shasum: 'bd91ca510743f62262faeb48663214a249722ab4',
18 silly publish   _from: '.' }
19 silly mapToRegistry name mongoose-paging
20 silly mapToRegistry using default registry
21 silly mapToRegistry registry https://registry.npmjs.org/
22 silly mapToRegistry uri https://registry.npmjs.org/mongoose-paging
23 verbose publish registryBase https://registry.npmjs.org/
24 silly publish uploading /home/michael/.npm/mongoose-paging/1.0.4/package.tgz
25 verbose request uri https://registry.npmjs.org/mongoose-paging
26 verbose request sending authorization for write operation
27 info attempt registry request try #1 at 1:53:57 PM
28 verbose request using bearer token for auth
29 verbose request id 866fc9cb364596be
30 http request PUT https://registry.npmjs.org/mongoose-paging
31 http 403 https://registry.npmjs.org/mongoose-paging
32 verbose headers { 'content-type': 'application/json',
32 verbose headers   'cache-control': 'max-age=60',
32 verbose headers   'content-length': '95',
32 verbose headers   'accept-ranges': 'bytes',
32 verbose headers   date: 'Fri, 19 Jun 2015 18:53:58 GMT',
32 verbose headers   via: '1.1 varnish',
32 verbose headers   connection: 'keep-alive',
32 verbose headers   'x-served-by': 'cache-dfw1830-DFW',
32 verbose headers   'x-cache': 'MISS',
32 verbose headers   'x-cache-hits': '0',
32 verbose headers   'x-timer': 'S1434740037.740920,VS0,VE267' }
33 verbose request invalidating /home/michael/.npm/registry.npmjs.org/mongoose-paging on PUT
34 error publish Failed PUT 403
35 verbose stack Error: "You cannot publish over the previously published version 1.0.4." : mongoose-paging
35 verbose stack     at CachingRegistryClient.<anonymous> (/home/michael/opt/node/lib/node_modules/npm/node_modules/npm-registry-client/lib/request.js:247:14)
35 verbose stack     at Request._callback (/home/michael/opt/node/lib/node_modules/npm/node_modules/npm-registry-client/lib/request.js:170:14)
35 verbose stack     at Request.self.callback (/home/michael/opt/node/lib/node_modules/npm/node_modules/request/request.js:344:22)
35 verbose stack     at Request.emit (events.js:110:17)
35 verbose stack     at Request.<anonymous> (/home/michael/opt/node/lib/node_modules/npm/node_modules/request/request.js:1239:14)
35 verbose stack     at Request.emit (events.js:129:20)
35 verbose stack     at IncomingMessage.<anonymous> (/home/michael/opt/node/lib/node_modules/npm/node_modules/request/request.js:1187:12)
35 verbose stack     at IncomingMessage.emit (events.js:129:20)
35 verbose stack     at _stream_readable.js:908:16
35 verbose stack     at process._tickCallback (node.js:355:11)
36 verbose statusCode 403
37 verbose pkgid mongoose-paging
38 verbose cwd /home/michael/Projects/mongoose-paging
39 error Linux 3.19.0-16-generic
40 error argv "/home/michael/bin/node" "/home/michael/bin/npm" "publish"
41 error node v0.12.2
42 error npm  v2.7.4
43 error code E403
44 error "You cannot publish over the previously published version 1.0.4." : mongoose-paging
45 error If you need help, you may report this error at:
45 error     <https://github.com/npm/npm/issues>
46 verbose exit [ 1, true ]
